<?xml version="1.0" encoding="UTF-8"?>
<!-- Generated by org.testng.reporters.JUnitReportReporter -->
<testsuite hostname="Poonams-Air.domain.name" failures="0" tests="1" name="Test_Classes.Patch_TC1" time="1.170" errors="0" timestamp="2023-06-28T18:41:07 IST" skipped="0">
  <testcase classname="Test_Classes.Patch_TC1" name="extractor" time="1.170"/>
  <system-out/>
</testsuite> <!-- Test_Classes.Patch_TC1 -->
